<?xml version="1.0" encoding="UTF-8"?>
<!-- Generated by org.testng.reporters.JUnitXMLReporter -->
<testsuite hostname="admin-PC" ignored="0" name="DataDrivenTest" tests="2" failures="1" timestamp="08 Sep 2018 05:44:42 GMT" time="10.142" errors="0">
  <testcase name="@BeforeTest beforeTest" time="7.594" classname="com.qa.tests.DDTTest">
    <failure type="java.lang.NullPointerException">
      <![CDATA[java.lang.NullPointerException
at com.qa.tests.DDTTest.beforeTest(DDTTest.java:89)
... Removed 24 stack frames]]>
    </failure>
  </testcase> <!-- @BeforeTest beforeTest -->
  <testcase name="@AfterTest afterTest" time="0.0" classname="com.qa.tests.DDTTest">
    <skipped/>
  </testcase> <!-- @AfterTest afterTest -->
  <testcase name="regPageTest" time="0.0" classname="com.qa.tests.DDTTest">
    <skipped/>
  </testcase> <!-- regPageTest -->
  <testcase name="regPageTest" time="2.024" classname="com.qa.tests.DDTTest">
    <failure type="java.lang.NullPointerException">
      <![CDATA[java.lang.NullPointerException
at listeners.TestListener.onTestSkipped(TestListener.java:73)
... Removed 23 stack frames]]>
    </failure>
  </testcase> <!-- regPageTest -->
</testsuite> <!-- DataDrivenTest -->
