<?xml version="1.0" encoding="UTF-8"?>
<testng-results skipped="0" failed="0" ignored="0" total="1" passed="1">
  <reporter-output>
  </reporter-output>
  <suite name="Default suite" duration-ms="9748" started-at="2018-09-02T08:27:51Z" finished-at="2018-09-02T08:28:01Z">
    <groups>
    </groups>
    <test name="Default test" duration-ms="9748" started-at="2018-09-02T08:27:51Z" finished-at="2018-09-02T08:28:01Z">
      <class name="com.qa.tests.DDTTest">
        <test-method status="PASS" signature="beforeTest()[pri:0, instance:com.qa.tests.DDTTest@13a5bf6]" name="beforeTest" duration-ms="9659" started-at="2018-09-02T08:27:51Z" finished-at="2018-09-02T08:28:01Z">
          <reporter-output>
          </reporter-output>
        </test-method> <!-- beforeTest -->
        <test-method status="PASS" signature="afterTest()[pri:0, instance:com.qa.tests.DDTTest@13a5bf6]" name="afterTest" is-config="true" duration-ms="1" started-at="2018-09-02T08:28:01Z" finished-at="2018-09-02T08:28:01Z">
          <reporter-output>
          </reporter-output>
        </test-method> <!-- afterTest -->
      </class> <!-- com.qa.tests.DDTTest -->
    </test> <!-- Default test -->
  </suite> <!-- Default suite -->
</testng-results>
