<?xml version="1.0" encoding="UTF-8"?>
<testng-results skipped="0" failed="0" ignored="0" total="2" passed="2">
  <reporter-output>
  </reporter-output>
  <suite name="Test Suite" duration-ms="34994" started-at="2018-09-09T07:16:04Z" finished-at="2018-09-09T07:16:39Z">
    <groups>
    </groups>
    <test name="DataDrivenTest" duration-ms="34994" started-at="2018-09-09T07:16:04Z" finished-at="2018-09-09T07:16:39Z">
      <class name="com.qa.tests.DDTTest">
        <test-method status="PASS" signature="setUp(java.lang.String)[pri:0, instance:com.qa.tests.DDTTest@1814d18]" name="setUp" is-config="true" duration-ms="10196" started-at="2018-09-09T07:16:06Z" finished-at="2018-09-09T07:16:17Z">
          <params>
            <param index="0">
              <value>
                <![CDATA[chrome]]>
              </value>
            </param>
          </params>
          <reporter-output>
          </reporter-output>
        </test-method> <!-- setUp -->
        <test-method status="PASS" signature="regPageTest(java.lang.String, java.lang.String, java.lang.String, java.lang.String, java.lang.String, java.lang.String, java.lang.String, java.lang.String, java.lang.String, int)[pri:1, instance:com.qa.tests.DDTTest@1814d18]" name="regPageTest" duration-ms="3832" started-at="2018-09-09T07:16:17Z" description="Invalid Login Scenario with empty username and password." data-provider="getTestData" finished-at="2018-09-09T07:16:20Z">
          <params>
            <param index="0">
              <value>
                <![CDATA[]]>
              </value>
            </param>
            <param index="1">
              <value>
                <![CDATA[Marathe]]>
              </value>
            </param>
            <param index="2">
              <value>
                <![CDATA[male]]>
              </value>
            </param>
            <param index="3">
              <value>
                <![CDATA[India]]>
              </value>
            </param>
            <param index="4">
              <value>
                <![CDATA[marathi]]>
              </value>
            </param>
            <param index="5">
              <value>
                <![CDATA[8.088493624E9]]>
              </value>
            </param>
            <param index="6">
              <value>
                <![CDATA[abd@wer.com]]>
              </value>
            </param>
            <param index="7">
              <value>
                <![CDATA[test 123]]>
              </value>
            </param>
            <param index="8">
              <value>
                <![CDATA[Please enter first name]]>
              </value>
            </param>
            <param index="9">
              <value>
                <![CDATA[2]]>
              </value>
            </param>
          </params>
          <reporter-output>
          </reporter-output>
        </test-method> <!-- regPageTest -->
        <test-method status="PASS" signature="tearDown()[pri:0, instance:com.qa.tests.DDTTest@1814d18]" name="tearDown" is-config="true" duration-ms="4357" started-at="2018-09-09T07:16:20Z" finished-at="2018-09-09T07:16:25Z">
          <reporter-output>
          </reporter-output>
        </test-method> <!-- tearDown -->
        <test-method status="PASS" signature="setUp(java.lang.String)[pri:0, instance:com.qa.tests.DDTTest@1814d18]" name="setUp" is-config="true" duration-ms="7379" started-at="2018-09-09T07:16:25Z" finished-at="2018-09-09T07:16:32Z">
          <params>
            <param index="0">
              <value>
                <![CDATA[chrome]]>
              </value>
            </param>
          </params>
          <reporter-output>
          </reporter-output>
        </test-method> <!-- setUp -->
        <test-method status="PASS" signature="regPageTest(java.lang.String, java.lang.String, java.lang.String, java.lang.String, java.lang.String, java.lang.String, java.lang.String, java.lang.String, java.lang.String, int)[pri:1, instance:com.qa.tests.DDTTest@1814d18]" name="regPageTest" duration-ms="3327" started-at="2018-09-09T07:16:32Z" description="Invalid Login Scenario with empty username and password." data-provider="getTestData" finished-at="2018-09-09T07:16:35Z">
          <params>
            <param index="0">
              <value>
                <![CDATA[Anuradha]]>
              </value>
            </param>
            <param index="1">
              <value>
                <![CDATA[]]>
              </value>
            </param>
            <param index="2">
              <value>
                <![CDATA[female]]>
              </value>
            </param>
            <param index="3">
              <value>
                <![CDATA[UK]]>
              </value>
            </param>
            <param index="4">
              <value>
                <![CDATA[English]]>
              </value>
            </param>
            <param index="5">
              <value>
                <![CDATA[5.878456523E9]]>
              </value>
            </param>
            <param index="6">
              <value>
                <![CDATA[raj@yahoo.com]]>
              </value>
            </param>
            <param index="7">
              <value>
                <![CDATA[xyz 456123]]>
              </value>
            </param>
            <param index="8">
              <value>
                <![CDATA[Please enter first name]]>
              </value>
            </param>
            <param index="9">
              <value>
                <![CDATA[3]]>
              </value>
            </param>
          </params>
          <reporter-output>
          </reporter-output>
        </test-method> <!-- regPageTest -->
        <test-method status="PASS" signature="tearDown()[pri:0, instance:com.qa.tests.DDTTest@1814d18]" name="tearDown" is-config="true" duration-ms="3601" started-at="2018-09-09T07:16:35Z" finished-at="2018-09-09T07:16:39Z">
          <reporter-output>
          </reporter-output>
        </test-method> <!-- tearDown -->
      </class> <!-- com.qa.tests.DDTTest -->
    </test> <!-- DataDrivenTest -->
  </suite> <!-- Test Suite -->
</testng-results>
